# JRE version: OpenJDK Runtime Environment (8.0_181-b13) (build 1.8.0_181-8u181-b13-0ubuntu0.16.04.1-b13)
# Java VM: OpenJDK 64-Bit Server VM (25.181-b13 mixed mode linux-amd64 compressed oops)
Heap:
 def new generation   total 16192K, used 2493K [0x00000000c0000000, 0x00000000c1190000, 0x00000000d5550000)
  eden space 14400K,  12% used [0x00000000c0000000, 0x00000000c01ce768, 0x00000000c0e10000)
  from space 1792K,  35% used [0x00000000c0fd0000, 0x00000000c1070dc8, 0x00000000c1190000)
  to   space 1792K,   0% used [0x00000000c0e10000, 0x00000000c0e10000, 0x00000000c0fd0000)
 tenured generation   total 35800K, used 27774K [0x00000000d5550000, 0x00000000d7846000, 0x0000000100000000)
   the space 35800K,  77% used [0x00000000d5550000, 0x00000000d706fb78, 0x00000000d706fc00, 0x00000000d7846000)
 Metaspace       used 70562K, capacity 71400K, committed 71512K, reserved 1110016K
  class space    used 10156K, capacity 10324K, committed 10328K, reserved 1048576K
GC Heap History (10 events):
Event: 57.041 GC heap before
{Heap before GC invocations=173 (full 5):
 def new generation   total 16192K, used 14929K [0x00000000c0000000, 0x00000000c1190000, 0x00000000d5550000)
  eden space 14400K, 100% used [0x00000000c0000000, 0x00000000c0e10000, 0x00000000c0e10000)
  from space 1792K,  29% used [0x00000000c0e10000, 0x00000000c0e94670, 0x00000000c0fd0000)
  to   space 1792K,   0% used [0x00000000c0fd0000, 0x00000000c0fd0000, 0x00000000c1190000)
 tenured generation   total 35800K, used 26653K [0x00000000d5550000, 0x00000000d7846000, 0x0000000100000000)
   the space 35800K,  74% used [0x00000000d5550000, 0x00000000d6f577b0, 0x00000000d6f57800, 0x00000000d7846000)
 Metaspace       used 68789K, capacity 69656K, committed 69720K, reserved 1110016K
  class space    used 9882K, capacity 10065K, committed 10072K, reserved 1048576K
Event: 57.046 GC heap after
Heap after GC invocations=174 (full 5):
 def new generation   total 16192K, used 718K [0x00000000c0000000, 0x00000000c1190000, 0x00000000d5550000)
  eden space 14400K,   0% used [0x00000000c0000000, 0x00000000c0000000, 0x00000000c0e10000)
  from space 1792K,  40% used [0x00000000c0fd0000, 0x00000000c10838d8, 0x00000000c1190000)
  to   space 1792K,   0% used [0x00000000c0e10000, 0x00000000c0e10000, 0x00000000c0fd0000)
 tenured generation   total 35800K, used 26653K [0x00000000d5550000, 0x00000000d7846000, 0x0000000100000000)
   the space 35800K,  74% used [0x00000000d5550000, 0x00000000d6f577b0, 0x00000000d6f57800, 0x00000000d7846000)
 Metaspace       used 68789K, capacity 69656K, committed 69720K, reserved 1110016K
  class space    used 9882K, capacity 10065K, committed 10072K, reserved 1048576K
}
Event: 57.238 GC heap before
{Heap before GC invocations=174 (full 5):
 def new generation   total 16192K, used 15118K [0x00000000c0000000, 0x00000000c1190000, 0x00000000d5550000)
  eden space 14400K, 100% used [0x00000000c0000000, 0x00000000c0e10000, 0x00000000c0e10000)
  from space 1792K,  40% used [0x00000000c0fd0000, 0x00000000c10838d8, 0x00000000c1190000)
  to   space 1792K,   0% used [0x00000000c0e10000, 0x00000000c0e10000, 0x00000000c0fd0000)
 tenured generation   total 35800K, used 26653K [0x00000000d5550000, 0x00000000d7846000, 0x0000000100000000)
   the space 35800K,  74% used [0x00000000d5550000, 0x00000000d6f577b0, 0x00000000d6f57800, 0x00000000d7846000)
 Metaspace       used 69423K, capacity 70296K, committed 70360K, reserved 1110016K
  class space    used 9999K, capacity 10193K, committed 10200K, reserved 1048576K
Event: 57.242 GC heap after
Heap after GC invocations=175 (full 5):
 def new generation   total 16192K, used 1166K [0x00000000c0000000, 0x00000000c1190000, 0x00000000d5550000)
  eden space 14400K,   0% used [0x00000000c0000000, 0x00000000c0000000, 0x00000000c0e10000)
  from space 1792K,  65% used [0x00000000c0e10000, 0x00000000c0f33970, 0x00000000c0fd0000)
  to   space 1792K,   0% used [0x00000000c0fd0000, 0x00000000c0fd0000, 0x00000000c1190000)
 tenured generation   total 35800K, used 26653K [0x00000000d5550000, 0x00000000d7846000, 0x0000000100000000)
   the space 35800K,  74% used [0x00000000d5550000, 0x00000000d6f577b0, 0x00000000d6f57800, 0x00000000d7846000)
 Metaspace       used 69423K, capacity 70296K, committed 70360K, reserved 1110016K
  class space    used 9999K, capacity 10193K, committed 10200K, reserved 1048576K
}
Event: 57.617 GC heap before
{Heap before GC invocations=175 (full 5):
 def new generation   total 16192K, used 15566K [0x00000000c0000000, 0x00000000c1190000, 0x00000000d5550000)
  eden space 14400K, 100% used [0x00000000c0000000, 0x00000000c0e10000, 0x00000000c0e10000)
  from space 1792K,  65% used [0x00000000c0e10000, 0x00000000c0f33970, 0x00000000c0fd0000)
  to   space 1792K,   0% used [0x00000000c0fd0000, 0x00000000c0fd0000, 0x00000000c1190000)
 tenured generation   total 35800K, used 26653K [0x00000000d5550000, 0x00000000d7846000, 0x0000000100000000)
   the space 35800K,  74% used [0x00000000d5550000, 0x00000000d6f577b0, 0x00000000d6f57800, 0x00000000d7846000)
 Metaspace       used 70317K, capacity 71160K, committed 71256K, reserved 1110016K
  class space    used 10106K, capacity 10289K, committed 10328K, reserved 1048576K
Event: 57.623 GC heap after
Heap after GC invocations=176 (full 5):
 def new generation   total 16192K, used 1016K [0x00000000c0000000, 0x00000000c1190000, 0x00000000d5550000)
  eden space 14400K,   0% used [0x00000000c0000000, 0x00000000c0000000, 0x00000000c0e10000)
  from space 1792K,  56% used [0x00000000c0fd0000, 0x00000000c10ce248, 0x00000000c1190000)
  to   space 1792K,   0% used [0x00000000c0e10000, 0x00000000c0e10000, 0x00000000c0fd0000)
 tenured generation   total 35800K, used 27253K [0x00000000d5550000, 0x00000000d7846000, 0x0000000100000000)
   the space 35800K,  76% used [0x00000000d5550000, 0x00000000d6fed6f8, 0x00000000d6fed800, 0x00000000d7846000)
 Metaspace       used 70317K, capacity 71160K, committed 71256K, reserved 1110016K
  class space    used 10106K, capacity 10289K, committed 10328K, reserved 1048576K
}
Event: 690.100 GC heap before
{Heap before GC invocations=176 (full 5):
 def new generation   total 16192K, used 12997K [0x00000000c0000000, 0x00000000c1190000, 0x00000000d5550000)
  eden space 14400K,  83% used [0x00000000c0000000, 0x00000000c0bb3348, 0x00000000c0e10000)
  from space 1792K,  56% used [0x00000000c0fd0000, 0x00000000c10ce248, 0x00000000c1190000)
  to   space 1792K,   0% used [0x00000000c0e10000, 0x00000000c0e10000, 0x00000000c0fd0000)
 tenured generation   total 35800K, used 27253K [0x00000000d5550000, 0x00000000d7846000, 0x0000000100000000)
   the space 35800K,  76% used [0x00000000d5550000, 0x00000000d6fed6f8, 0x00000000d6fed800, 0x00000000d7846000)
 Metaspace       used 70531K, capacity 71390K, committed 71512K, reserved 1110016K
  class space    used 10152K, capacity 10323K, committed 10328K, reserved 1048576K
Event: 697.739 GC heap after
Heap after GC invocations=177 (full 5):
 def new generation   total 16192K, used 427K [0x00000000c0000000, 0x00000000c1190000, 0x00000000d5550000)
  eden space 14400K,   0% used [0x00000000c0000000, 0x00000000c0000000, 0x00000000c0e10000)
  from space 1792K,  23% used [0x00000000c0e10000, 0x00000000c0e7adc0, 0x00000000c0fd0000)
  to   space 1792K,   0% used [0x00000000c0fd0000, 0x00000000c0fd0000, 0x00000000c1190000)
 tenured generation   total 35800K, used 27774K [0x00000000d5550000, 0x00000000d7846000, 0x0000000100000000)
   the space 35800K,  77% used [0x00000000d5550000, 0x00000000d706fb78, 0x00000000d706fc00, 0x00000000d7846000)
 Metaspace       used 70531K, capacity 71390K, committed 71512K, reserved 1110016K
  class space    used 10152K, capacity 10323K, committed 10328K, reserved 1048576K
}
Event: 899.731 GC heap before
{Heap before GC invocations=177 (full 5):
 def new generation   total 16192K, used 14809K [0x00000000c0000000, 0x00000000c1190000, 0x00000000d5550000)
  eden space 14400K,  99% used [0x00000000c0000000, 0x00000000c0e0b6f0, 0x00000000c0e10000)
  from space 1792K,  23% used [0x00000000c0e10000, 0x00000000c0e7adc0, 0x00000000c0fd0000)
  to   space 1792K,   0% used [0x00000000c0fd0000, 0x00000000c0fd0000, 0x00000000c1190000)
 tenured generation   total 35800K, used 27774K [0x00000000d5550000, 0x00000000d7846000, 0x0000000100000000)
   the space 35800K,  77% used [0x00000000d5550000, 0x00000000d706fb78, 0x00000000d706fc00, 0x00000000d7846000)
 Metaspace       used 70559K, capacity 71400K, committed 71512K, reserved 1110016K
  class space    used 10156K, capacity 10324K, committed 10328K, reserved 1048576K
Event: 989.870 GC heap after
Heap after GC invocations=178 (full 5):
 def new generation   total 16192K, used 643K [0x00000000c0000000, 0x00000000c1190000, 0x00000000d5550000)
  eden space 14400K,   0% used [0x00000000c0000000, 0x00000000c0000000, 0x00000000c0e10000)
  from space 1792K,  35% used [0x00000000c0fd0000, 0x00000000c1070dc8, 0x00000000c1190000)
  to   space 1792K,   0% used [0x00000000c0e10000, 0x00000000c0e10000, 0x00000000c0fd0000)
 tenured generation   total 35800K, used 27774K [0x00000000d5550000, 0x00000000d7846000, 0x0000000100000000)
   the space 35800K,  77% used [0x00000000d5550000, 0x00000000d706fb78, 0x00000000d706fc00, 0x00000000d7846000)
 Metaspace       used 70559K, capacity 71400K, committed 71512K, reserved 1110016K
  class space    used 10156K, capacity 10324K, committed 10328K, reserved 1048576K
}

